<?xml version="1.0" encoding="UTF-8"?>
<testsuite name="SILab2Test" tests="2" skipped="0" failures="0" errors="0" timestamp="2021-05-30T15:40:49" hostname="DESKTOP-VDK05KI" time="0.033">
  <properties/>
  <testcase name="everyBranch()" classname="SILab2Test" time="0.028"/>
  <testcase name="multipleCondition()" classname="SILab2Test" time="0.004"/>
  <system-out><![CDATA[]]></system-out>
  <system-err><![CDATA[]]></system-err>
</testsuite>
